mode: atomic
github.com/sfborg/from-dwca/main.go:32.13,37.2 3 0
github.com/sfborg/from-dwca/cmd/flags.go:15.36,17.7 2 0
github.com/sfborg/from-dwca/cmd/flags.go:17.7,22.3 4 0
github.com/sfborg/from-dwca/cmd/flags.go:25.38,27.16 2 0
github.com/sfborg/from-dwca/cmd/flags.go:27.16,29.3 1 0
github.com/sfborg/from-dwca/cmd/flags.go:32.38,34.14 2 0
github.com/sfborg/from-dwca/cmd/flags.go:34.14,36.3 1 0
github.com/sfborg/from-dwca/cmd/flags.go:39.39,42.2 2 0
github.com/sfborg/from-dwca/cmd/flags.go:44.38,46.7 2 0
github.com/sfborg/from-dwca/cmd/flags.go:46.7,54.3 3 0
github.com/sfborg/from-dwca/cmd/root.go:45.47,49.27 4 0
github.com/sfborg/from-dwca/cmd/root.go:49.27,51.4 1 0
github.com/sfborg/from-dwca/cmd/root.go:53.3,53.21 1 0
github.com/sfborg/from-dwca/cmd/root.go:53.21,56.4 2 0
github.com/sfborg/from-dwca/cmd/root.go:58.3,63.17 6 0
github.com/sfborg/from-dwca/cmd/root.go:63.17,66.4 2 0
github.com/sfborg/from-dwca/cmd/root.go:67.3,69.17 3 0
github.com/sfborg/from-dwca/cmd/root.go:69.17,72.4 2 0
github.com/sfborg/from-dwca/cmd/root.go:74.3,79.17 5 0
github.com/sfborg/from-dwca/cmd/root.go:79.17,82.4 2 0
github.com/sfborg/from-dwca/cmd/root.go:84.3,86.17 3 0
github.com/sfborg/from-dwca/cmd/root.go:86.17,89.4 2 0
github.com/sfborg/from-dwca/cmd/root.go:91.3,93.17 3 0
github.com/sfborg/from-dwca/cmd/root.go:93.17,96.4 2 0
github.com/sfborg/from-dwca/cmd/root.go:98.3,98.74 1 0
github.com/sfborg/from-dwca/cmd/root.go:104.16,106.16 2 0
github.com/sfborg/from-dwca/cmd/root.go:106.16,108.3 1 0
github.com/sfborg/from-dwca/cmd/root.go:111.13,124.2 4 0
github.com/sfborg/from-dwca/internal/io/repoio/repoio.go:17.39,19.2 1 1
github.com/sfborg/from-dwca/internal/io/repoio/repoio.go:21.48,24.16 3 1
github.com/sfborg/from-dwca/internal/io/repoio/repoio.go:24.16,27.3 2 0
github.com/sfborg/from-dwca/internal/io/repoio/repoio.go:29.2,30.16 2 1
github.com/sfborg/from-dwca/internal/io/repoio/repoio.go:30.16,32.3 1 0
github.com/sfborg/from-dwca/internal/io/repoio/repoio.go:34.2,36.16 3 1
github.com/sfborg/from-dwca/internal/io/repoio/repoio.go:36.16,39.3 2 0
github.com/sfborg/from-dwca/internal/io/repoio/repoio.go:41.2,41.17 1 1
github.com/sfborg/from-dwca/internal/io/repoio/repoio.go:44.36,49.16 5 1
github.com/sfborg/from-dwca/internal/io/repoio/repoio.go:49.16,52.3 2 0
github.com/sfborg/from-dwca/internal/io/repoio/repoio.go:54.2,55.16 2 1
github.com/sfborg/from-dwca/internal/io/repoio/repoio.go:55.16,58.3 2 0
github.com/sfborg/from-dwca/internal/io/repoio/repoio.go:59.2,62.16 3 1
github.com/sfborg/from-dwca/internal/io/repoio/repoio.go:62.16,65.3 2 0
github.com/sfborg/from-dwca/internal/io/repoio/repoio.go:67.2,67.25 1 1
github.com/sfborg/from-dwca/internal/io/repoio/repoio.go:67.25,69.3 1 0
github.com/sfborg/from-dwca/internal/io/repoio/repoio.go:71.2,73.16 3 1
github.com/sfborg/from-dwca/internal/io/repoio/repoio.go:73.16,76.3 2 0
github.com/sfborg/from-dwca/internal/io/repoio/repoio.go:78.2,78.12 1 1
github.com/sfborg/from-dwca/internal/io/sysio/sysio.go:15.37,17.2 1 1
github.com/sfborg/from-dwca/internal/io/sysio/sysio.go:19.30,21.16 2 1
github.com/sfborg/from-dwca/internal/io/sysio/sysio.go:21.16,23.3 1 0
github.com/sfborg/from-dwca/internal/io/sysio/sysio.go:24.2,25.12 2 1
github.com/sfborg/from-dwca/internal/io/sysio/sysio.go:28.31,30.2 1 0
github.com/sfborg/from-dwca/internal/io/sysio/sysio.go:32.33,34.2 1 1
github.com/sfborg/from-dwca/pkg/config/config.go:56.35,57.25 1 0
github.com/sfborg/from-dwca/pkg/config/config.go:57.25,59.3 1 0
github.com/sfborg/from-dwca/pkg/config/config.go:63.37,64.25 1 0
github.com/sfborg/from-dwca/pkg/config/config.go:64.25,66.3 1 0
github.com/sfborg/from-dwca/pkg/config/config.go:71.35,72.25 1 0
github.com/sfborg/from-dwca/pkg/config/config.go:72.25,74.3 1 0
github.com/sfborg/from-dwca/pkg/config/config.go:78.31,79.25 1 0
github.com/sfborg/from-dwca/pkg/config/config.go:79.25,80.23 1 0
github.com/sfborg/from-dwca/pkg/config/config.go:80.23,86.4 2 0
github.com/sfborg/from-dwca/pkg/config/config.go:87.3,87.16 1 0
github.com/sfborg/from-dwca/pkg/config/config.go:92.33,93.25 1 0
github.com/sfborg/from-dwca/pkg/config/config.go:93.25,95.3 1 0
github.com/sfborg/from-dwca/pkg/config/config.go:100.33,102.16 2 1
github.com/sfborg/from-dwca/pkg/config/config.go:102.16,104.3 1 0
github.com/sfborg/from-dwca/pkg/config/config.go:105.2,119.27 5 1
github.com/sfborg/from-dwca/pkg/config/config.go:119.27,121.3 1 0
github.com/sfborg/from-dwca/pkg/config/config.go:123.2,125.12 3 1
github.com/sfborg/from-dwca/internal/io/storio/dump.go:12.32,13.17 1 0
github.com/sfborg/from-dwca/internal/io/storio/dump.go:13.17,15.3 1 0
github.com/sfborg/from-dwca/internal/io/storio/dump.go:17.2,19.16 3 0
github.com/sfborg/from-dwca/internal/io/storio/dump.go:19.16,21.3 1 0
github.com/sfborg/from-dwca/internal/io/storio/dump.go:22.2,22.16 1 0
github.com/sfborg/from-dwca/internal/io/storio/dump.go:22.16,24.3 1 0
github.com/sfborg/from-dwca/internal/io/storio/dump.go:26.2,26.13 1 0
github.com/sfborg/from-dwca/internal/io/storio/dump.go:29.49,35.16 5 0
github.com/sfborg/from-dwca/internal/io/storio/dump.go:35.16,37.3 1 0
github.com/sfborg/from-dwca/internal/io/storio/dump.go:38.2,42.35 3 0
github.com/sfborg/from-dwca/internal/io/storio/dump.go:42.35,44.3 1 0
github.com/sfborg/from-dwca/internal/io/storio/dump.go:46.2,46.34 1 0
github.com/sfborg/from-dwca/internal/io/storio/dump.go:46.34,48.3 1 0
github.com/sfborg/from-dwca/internal/io/storio/dump.go:50.2,52.16 3 0
github.com/sfborg/from-dwca/internal/io/storio/dump.go:52.16,54.3 1 0
github.com/sfborg/from-dwca/internal/io/storio/dump.go:56.2,58.12 2 0
github.com/sfborg/from-dwca/internal/io/storio/dump.go:86.58,88.16 2 0
github.com/sfborg/from-dwca/internal/io/storio/dump.go:88.16,90.3 1 0
github.com/sfborg/from-dwca/internal/io/storio/dump.go:91.2,97.16 5 0
github.com/sfborg/from-dwca/internal/io/storio/dump.go:97.16,99.3 1 0
github.com/sfborg/from-dwca/internal/io/storio/dump.go:100.2,103.16 3 0
github.com/sfborg/from-dwca/internal/io/storio/dump.go:103.16,105.3 1 0
github.com/sfborg/from-dwca/internal/io/storio/dump.go:107.2,108.16 2 0
github.com/sfborg/from-dwca/internal/io/storio/dump.go:108.16,110.3 1 0
github.com/sfborg/from-dwca/internal/io/storio/dump.go:112.2,115.16 3 0
github.com/sfborg/from-dwca/internal/io/storio/dump.go:115.16,117.3 1 0
github.com/sfborg/from-dwca/internal/io/storio/dump.go:119.2,120.16 2 0
github.com/sfborg/from-dwca/internal/io/storio/dump.go:120.16,122.3 1 0
github.com/sfborg/from-dwca/internal/io/storio/dump.go:123.2,123.12 1 0
github.com/sfborg/from-dwca/internal/io/storio/insert_core.go:11.58,13.16 2 0
github.com/sfborg/from-dwca/internal/io/storio/insert_core.go:13.16,15.3 1 0
github.com/sfborg/from-dwca/internal/io/storio/insert_core.go:23.2,41.16 2 0
github.com/sfborg/from-dwca/internal/io/storio/insert_core.go:41.16,43.3 1 0
github.com/sfborg/from-dwca/internal/io/storio/insert_core.go:44.2,46.25 2 0
github.com/sfborg/from-dwca/internal/io/storio/insert_core.go:46.25,61.17 2 0
github.com/sfborg/from-dwca/internal/io/storio/insert_core.go:61.17,65.4 3 0
github.com/sfborg/from-dwca/internal/io/storio/insert_core.go:68.2,68.20 1 0
github.com/sfborg/from-dwca/internal/io/storio/insert_core.go:71.28,72.7 1 0
github.com/sfborg/from-dwca/internal/io/storio/insert_core.go:72.7,74.3 1 0
github.com/sfborg/from-dwca/internal/io/storio/insert_core.go:75.2,75.10 1 0
github.com/sfborg/from-dwca/internal/io/storio/insert_core.go:78.38,79.16 1 0
github.com/sfborg/from-dwca/internal/io/storio/insert_core.go:79.16,81.55 1 0
github.com/sfborg/from-dwca/internal/io/storio/insert_core.go:81.55,83.4 1 0
github.com/sfborg/from-dwca/internal/io/storio/insert_core.go:84.8,86.37 1 0
github.com/sfborg/from-dwca/internal/io/storio/insert_core.go:86.37,88.4 1 0
github.com/sfborg/from-dwca/internal/io/storio/insert_eml.go:9.62,11.16 2 0
github.com/sfborg/from-dwca/internal/io/storio/insert_eml.go:11.16,13.3 1 0
github.com/sfborg/from-dwca/internal/io/storio/insert_eml.go:15.2,24.16 2 0
github.com/sfborg/from-dwca/internal/io/storio/insert_eml.go:24.16,26.3 1 0
github.com/sfborg/from-dwca/internal/io/storio/insert_eml.go:27.2,35.16 3 0
github.com/sfborg/from-dwca/internal/io/storio/insert_eml.go:35.16,39.3 3 0
github.com/sfborg/from-dwca/internal/io/storio/insert_eml.go:41.2,41.20 1 0
github.com/sfborg/from-dwca/internal/io/storio/insert_vern.go:9.58,11.16 2 0
github.com/sfborg/from-dwca/internal/io/storio/insert_vern.go:11.16,13.3 1 0
github.com/sfborg/from-dwca/internal/io/storio/insert_vern.go:15.2,23.16 2 0
github.com/sfborg/from-dwca/internal/io/storio/insert_vern.go:23.16,25.3 1 0
github.com/sfborg/from-dwca/internal/io/storio/insert_vern.go:26.2,28.25 2 0
github.com/sfborg/from-dwca/internal/io/storio/insert_vern.go:28.25,33.17 2 0
github.com/sfborg/from-dwca/internal/io/storio/insert_vern.go:33.17,37.4 3 0
github.com/sfborg/from-dwca/internal/io/storio/insert_vern.go:40.2,40.20 1 0
github.com/sfborg/from-dwca/internal/io/storio/storio.go:22.42,24.2 1 1
github.com/sfborg/from-dwca/internal/io/storio/storio.go:26.31,29.16 3 1
github.com/sfborg/from-dwca/internal/io/storio/storio.go:29.16,31.3 1 0
github.com/sfborg/from-dwca/internal/io/storio/storio.go:33.2,35.16 3 1
github.com/sfborg/from-dwca/internal/io/storio/storio.go:35.16,38.3 2 0
github.com/sfborg/from-dwca/internal/io/storio/storio.go:40.2,47.16 6 1
github.com/sfborg/from-dwca/internal/io/storio/storio.go:47.16,50.3 2 0
github.com/sfborg/from-dwca/internal/io/storio/storio.go:52.2,53.16 2 1
github.com/sfborg/from-dwca/internal/io/storio/storio.go:53.16,56.3 2 0
github.com/sfborg/from-dwca/internal/io/storio/storio.go:59.2,60.16 2 1
github.com/sfborg/from-dwca/internal/io/storio/storio.go:60.16,63.3 2 0
github.com/sfborg/from-dwca/internal/io/storio/storio.go:67.2,68.16 2 1
github.com/sfborg/from-dwca/internal/io/storio/storio.go:68.16,71.3 2 0
github.com/sfborg/from-dwca/internal/io/storio/storio.go:73.2,75.12 2 1
github.com/sfborg/from-dwca/internal/io/storio/storio.go:78.32,79.17 1 1
github.com/sfborg/from-dwca/internal/io/storio/storio.go:79.17,81.3 1 0
github.com/sfborg/from-dwca/internal/io/storio/storio.go:82.2,82.21 1 1
github.com/sfborg/from-dwca/internal/io/sysio/sysio.go:15.37,17.2 1 1
github.com/sfborg/from-dwca/internal/io/sysio/sysio.go:19.30,21.16 2 1
github.com/sfborg/from-dwca/internal/io/sysio/sysio.go:21.16,23.3 1 0
github.com/sfborg/from-dwca/internal/io/sysio/sysio.go:24.2,25.12 2 1
github.com/sfborg/from-dwca/internal/io/sysio/sysio.go:28.31,30.2 1 0
github.com/sfborg/from-dwca/internal/io/sysio/sysio.go:32.33,34.2 1 1
github.com/sfborg/from-dwca/pkg/config/config.go:56.35,57.25 1 0
github.com/sfborg/from-dwca/pkg/config/config.go:57.25,59.3 1 0
github.com/sfborg/from-dwca/pkg/config/config.go:63.37,64.25 1 0
github.com/sfborg/from-dwca/pkg/config/config.go:64.25,66.3 1 0
github.com/sfborg/from-dwca/pkg/config/config.go:71.35,72.25 1 0
github.com/sfborg/from-dwca/pkg/config/config.go:72.25,74.3 1 0
github.com/sfborg/from-dwca/pkg/config/config.go:78.31,79.25 1 0
github.com/sfborg/from-dwca/pkg/config/config.go:79.25,80.23 1 0
github.com/sfborg/from-dwca/pkg/config/config.go:80.23,86.4 2 0
github.com/sfborg/from-dwca/pkg/config/config.go:87.3,87.16 1 0
github.com/sfborg/from-dwca/pkg/config/config.go:92.33,93.25 1 0
github.com/sfborg/from-dwca/pkg/config/config.go:93.25,95.3 1 0
github.com/sfborg/from-dwca/pkg/config/config.go:100.33,102.16 2 1
github.com/sfborg/from-dwca/pkg/config/config.go:102.16,104.3 1 0
github.com/sfborg/from-dwca/pkg/config/config.go:105.2,119.27 5 1
github.com/sfborg/from-dwca/pkg/config/config.go:119.27,121.3 1 0
github.com/sfborg/from-dwca/pkg/config/config.go:123.2,125.12 3 1
github.com/sfborg/from-dwca/internal/io/sysio/sysio.go:15.37,17.2 1 0
github.com/sfborg/from-dwca/internal/io/sysio/sysio.go:19.30,21.16 2 0
github.com/sfborg/from-dwca/internal/io/sysio/sysio.go:21.16,23.3 1 0
github.com/sfborg/from-dwca/internal/io/sysio/sysio.go:24.2,25.12 2 0
github.com/sfborg/from-dwca/internal/io/sysio/sysio.go:28.31,30.2 1 0
github.com/sfborg/from-dwca/internal/io/sysio/sysio.go:32.33,34.2 1 0
github.com/sfborg/from-dwca/internal/io/sysio/sysio.go:15.37,17.2 1 2
github.com/sfborg/from-dwca/internal/io/sysio/sysio.go:19.30,21.16 2 2
github.com/sfborg/from-dwca/internal/io/sysio/sysio.go:21.16,23.3 1 0
github.com/sfborg/from-dwca/internal/io/sysio/sysio.go:24.2,25.12 2 2
github.com/sfborg/from-dwca/internal/io/sysio/sysio.go:28.31,30.2 1 0
github.com/sfborg/from-dwca/internal/io/sysio/sysio.go:32.33,34.2 1 2
github.com/sfborg/from-dwca/pkg/fdwca.go:21.57,26.32 4 3
github.com/sfborg/from-dwca/pkg/fdwca.go:26.32,29.3 2 15
github.com/sfborg/from-dwca/pkg/fdwca.go:30.2,33.12 3 3
github.com/sfborg/from-dwca/pkg/fdwca.go:36.65,39.16 3 3
github.com/sfborg/from-dwca/pkg/fdwca.go:39.16,41.3 1 0
github.com/sfborg/from-dwca/pkg/fdwca.go:42.2,43.16 2 3
github.com/sfborg/from-dwca/pkg/fdwca.go:43.16,45.3 1 0
github.com/sfborg/from-dwca/pkg/fdwca.go:47.2,48.16 2 3
github.com/sfborg/from-dwca/pkg/fdwca.go:48.16,50.3 1 0
github.com/sfborg/from-dwca/pkg/fdwca.go:52.2,53.16 2 3
github.com/sfborg/from-dwca/pkg/fdwca.go:53.16,55.3 1 0
github.com/sfborg/from-dwca/pkg/fdwca.go:57.2,58.16 2 3
github.com/sfborg/from-dwca/pkg/fdwca.go:58.16,60.3 1 0
github.com/sfborg/from-dwca/pkg/fdwca.go:62.2,62.17 1 3
github.com/sfborg/from-dwca/pkg/fdwca.go:65.53,68.16 3 2
github.com/sfborg/from-dwca/pkg/fdwca.go:68.16,70.3 1 0
github.com/sfborg/from-dwca/pkg/fdwca.go:72.2,73.16 2 2
github.com/sfborg/from-dwca/pkg/fdwca.go:73.16,75.3 1 0
github.com/sfborg/from-dwca/pkg/fdwca.go:77.2,78.16 2 2
github.com/sfborg/from-dwca/pkg/fdwca.go:78.16,80.3 1 0
github.com/sfborg/from-dwca/pkg/fdwca.go:82.2,82.12 1 2
github.com/sfborg/from-dwca/pkg/fdwca.go:85.44,87.20 2 2
github.com/sfborg/from-dwca/pkg/fdwca.go:87.20,89.3 1 1
github.com/sfborg/from-dwca/pkg/fdwca.go:91.2,92.19 2 1
github.com/sfborg/from-dwca/pkg/fdwca.go:92.19,94.3 1 0
github.com/sfborg/from-dwca/pkg/fdwca.go:96.2,97.16 2 1
github.com/sfborg/from-dwca/pkg/fdwca.go:97.16,99.3 1 0
github.com/sfborg/from-dwca/pkg/fdwca.go:101.2,101.12 1 1
github.com/sfborg/from-dwca/pkg/import_core.go:18.44,28.38 7 2
github.com/sfborg/from-dwca/pkg/import_core.go:28.38,30.21 2 10
github.com/sfborg/from-dwca/pkg/import_core.go:30.21,33.4 2 10
github.com/sfborg/from-dwca/pkg/import_core.go:36.2,36.20 1 2
github.com/sfborg/from-dwca/pkg/import_core.go:36.20,38.3 1 2
github.com/sfborg/from-dwca/pkg/import_core.go:41.2,41.12 1 2
github.com/sfborg/from-dwca/pkg/import_core.go:41.12,44.3 2 2
github.com/sfborg/from-dwca/pkg/import_core.go:46.2,47.16 2 2
github.com/sfborg/from-dwca/pkg/import_core.go:47.16,49.3 1 0
github.com/sfborg/from-dwca/pkg/import_core.go:51.2,51.33 1 2
github.com/sfborg/from-dwca/pkg/import_core.go:51.33,53.3 1 0
github.com/sfborg/from-dwca/pkg/import_core.go:54.2,54.17 1 2
github.com/sfborg/from-dwca/pkg/import_core.go:60.9,62.24 2 2
github.com/sfborg/from-dwca/pkg/import_core.go:62.24,65.17 2 10
github.com/sfborg/from-dwca/pkg/import_core.go:65.17,66.20 1 0
github.com/sfborg/from-dwca/pkg/import_core.go:66.21,67.5 0 0
github.com/sfborg/from-dwca/pkg/import_core.go:68.4,68.14 1 0
github.com/sfborg/from-dwca/pkg/import_core.go:71.3,71.10 1 10
github.com/sfborg/from-dwca/pkg/import_core.go:72.21,73.20 1 0
github.com/sfborg/from-dwca/pkg/import_core.go:74.11,74.11 0 10
github.com/sfborg/from-dwca/pkg/import_core.go:77.2,77.12 1 2
github.com/sfborg/from-dwca/pkg/import_core.go:80.52,82.27 2 11
github.com/sfborg/from-dwca/pkg/import_core.go:82.27,86.3 3 172
github.com/sfborg/from-dwca/pkg/import_core.go:87.2,87.18 1 11
github.com/sfborg/from-dwca/pkg/import_core.go:94.9,96.15 2 10
github.com/sfborg/from-dwca/pkg/import_core.go:96.15,98.3 1 10
github.com/sfborg/from-dwca/pkg/import_core.go:100.2,104.22 4 10
github.com/sfborg/from-dwca/pkg/import_core.go:104.22,106.37 2 3064
github.com/sfborg/from-dwca/pkg/import_core.go:106.37,109.4 2 0
github.com/sfborg/from-dwca/pkg/import_core.go:110.3,112.10 2 3064
github.com/sfborg/from-dwca/pkg/import_core.go:113.21,114.20 1 0
github.com/sfborg/from-dwca/pkg/import_core.go:115.11,115.11 0 3064
github.com/sfborg/from-dwca/pkg/import_core.go:118.2,119.12 2 10
github.com/sfborg/from-dwca/pkg/import_core.go:122.74,123.35 1 38680
github.com/sfborg/from-dwca/pkg/import_core.go:123.35,125.3 1 27000
github.com/sfborg/from-dwca/pkg/import_core.go:126.2,126.11 1 11680
github.com/sfborg/from-dwca/pkg/import_core.go:134.14,148.2 12 3064
github.com/sfborg/from-dwca/pkg/import_core.go:150.57,153.20 3 3064
github.com/sfborg/from-dwca/pkg/import_core.go:153.20,156.3 2 0
github.com/sfborg/from-dwca/pkg/import_core.go:157.2,163.28 7 3064
github.com/sfborg/from-dwca/pkg/import_core.go:163.28,165.3 1 7
github.com/sfborg/from-dwca/pkg/import_core.go:166.2,168.43 3 3064
github.com/sfborg/from-dwca/pkg/import_core.go:171.46,174.25 3 3064
github.com/sfborg/from-dwca/pkg/import_core.go:174.25,176.3 1 2336
github.com/sfborg/from-dwca/pkg/import_core.go:178.2,179.29 2 728
github.com/sfborg/from-dwca/pkg/import_core.go:179.29,181.3 1 728
github.com/sfborg/from-dwca/pkg/import_core.go:183.2,185.16 3 0
github.com/sfborg/from-dwca/pkg/import_core.go:185.16,187.3 1 0
github.com/sfborg/from-dwca/pkg/import_core.go:188.2,188.20 1 0
github.com/sfborg/from-dwca/pkg/import_eml.go:8.61,17.16 3 2
github.com/sfborg/from-dwca/pkg/import_eml.go:17.16,19.3 1 0
github.com/sfborg/from-dwca/pkg/import_eml.go:21.2,21.12 1 2
github.com/sfborg/from-dwca/pkg/import_ext.go:16.58,17.44 1 2
github.com/sfborg/from-dwca/pkg/import_ext.go:17.44,18.17 1 1
github.com/sfborg/from-dwca/pkg/import_ext.go:18.17,19.12 1 0
github.com/sfborg/from-dwca/pkg/import_ext.go:22.3,24.47 3 1
github.com/sfborg/from-dwca/pkg/import_ext.go:24.47,25.12 1 0
github.com/sfborg/from-dwca/pkg/import_ext.go:27.3,27.29 1 1
github.com/sfborg/from-dwca/pkg/import_ext.go:29.2,29.12 1 2
github.com/sfborg/from-dwca/pkg/import_ext.go:32.71,41.20 6 1
github.com/sfborg/from-dwca/pkg/import_ext.go:41.20,44.3 2 1
github.com/sfborg/from-dwca/pkg/import_ext.go:46.2,46.20 1 1
github.com/sfborg/from-dwca/pkg/import_ext.go:46.20,48.3 1 1
github.com/sfborg/from-dwca/pkg/import_ext.go:50.2,51.16 2 1
github.com/sfborg/from-dwca/pkg/import_ext.go:51.16,53.3 1 0
github.com/sfborg/from-dwca/pkg/import_ext.go:55.2,55.33 1 1
github.com/sfborg/from-dwca/pkg/import_ext.go:55.33,57.3 1 0
github.com/sfborg/from-dwca/pkg/import_ext.go:58.2,58.12 1 1
github.com/sfborg/from-dwca/pkg/import_ext.go:66.9,71.22 4 1
github.com/sfborg/from-dwca/pkg/import_ext.go:71.22,73.17 2 4308
github.com/sfborg/from-dwca/pkg/import_ext.go:73.17,74.12 1 0
github.com/sfborg/from-dwca/pkg/import_ext.go:76.3,76.37 1 4308
github.com/sfborg/from-dwca/pkg/import_ext.go:76.37,79.4 2 0
github.com/sfborg/from-dwca/pkg/import_ext.go:80.3,82.10 2 4308
github.com/sfborg/from-dwca/pkg/import_ext.go:83.21,84.20 1 0
github.com/sfborg/from-dwca/pkg/import_ext.go:85.11,85.11 0 4308
github.com/sfborg/from-dwca/pkg/import_ext.go:88.2,89.12 2 1
github.com/sfborg/from-dwca/pkg/import_ext.go:96.14,101.30 4 4308
github.com/sfborg/from-dwca/pkg/import_ext.go:101.30,103.3 1 0
github.com/sfborg/from-dwca/pkg/import_ext.go:104.2,111.13 7 4308
github.com/sfborg/from-dwca/pkg/import_ext.go:117.9,119.24 2 1
github.com/sfborg/from-dwca/pkg/import_ext.go:119.24,122.17 2 1
github.com/sfborg/from-dwca/pkg/import_ext.go:122.17,123.20 1 0
github.com/sfborg/from-dwca/pkg/import_ext.go:123.21,124.5 0 0
github.com/sfborg/from-dwca/pkg/import_ext.go:125.4,125.14 1 0
github.com/sfborg/from-dwca/pkg/import_ext.go:128.3,128.10 1 1
github.com/sfborg/from-dwca/pkg/import_ext.go:129.21,130.20 1 0
github.com/sfborg/from-dwca/pkg/import_ext.go:131.11,131.11 0 1
github.com/sfborg/from-dwca/pkg/import_ext.go:134.2,134.12 1 1
github.com/sfborg/from-dwca/pkg/sfga.go:3.35,5.2 1 2
github.com/sfborg/from-dwca/pkg/version.go:13.34,18.2 1 0
github.com/sfborg/from-dwca/pkg/config/config.go:56.35,57.25 1 0
github.com/sfborg/from-dwca/pkg/config/config.go:57.25,59.3 1 0
github.com/sfborg/from-dwca/pkg/config/config.go:63.37,64.25 1 0
github.com/sfborg/from-dwca/pkg/config/config.go:64.25,66.3 1 0
github.com/sfborg/from-dwca/pkg/config/config.go:71.35,72.25 1 0
github.com/sfborg/from-dwca/pkg/config/config.go:72.25,74.3 1 0
github.com/sfborg/from-dwca/pkg/config/config.go:78.31,79.25 1 0
github.com/sfborg/from-dwca/pkg/config/config.go:79.25,80.23 1 0
github.com/sfborg/from-dwca/pkg/config/config.go:80.23,86.4 2 0
github.com/sfborg/from-dwca/pkg/config/config.go:87.3,87.16 1 0
github.com/sfborg/from-dwca/pkg/config/config.go:92.33,93.25 1 0
github.com/sfborg/from-dwca/pkg/config/config.go:93.25,95.3 1 0
github.com/sfborg/from-dwca/pkg/config/config.go:100.33,102.16 2 3
github.com/sfborg/from-dwca/pkg/config/config.go:102.16,104.3 1 0
github.com/sfborg/from-dwca/pkg/config/config.go:105.2,119.27 5 3
github.com/sfborg/from-dwca/pkg/config/config.go:119.27,121.3 1 0
github.com/sfborg/from-dwca/pkg/config/config.go:123.2,125.12 3 3
github.com/sfborg/from-dwca/pkg/config/config.go:56.35,57.25 1 0
github.com/sfborg/from-dwca/pkg/config/config.go:57.25,59.3 1 0
github.com/sfborg/from-dwca/pkg/config/config.go:63.37,64.25 1 0
github.com/sfborg/from-dwca/pkg/config/config.go:64.25,66.3 1 0
github.com/sfborg/from-dwca/pkg/config/config.go:71.35,72.25 1 0
github.com/sfborg/from-dwca/pkg/config/config.go:72.25,74.3 1 0
github.com/sfborg/from-dwca/pkg/config/config.go:78.31,79.25 1 0
github.com/sfborg/from-dwca/pkg/config/config.go:79.25,80.23 1 0
github.com/sfborg/from-dwca/pkg/config/config.go:80.23,86.4 2 0
github.com/sfborg/from-dwca/pkg/config/config.go:87.3,87.16 1 0
github.com/sfborg/from-dwca/pkg/config/config.go:92.33,93.25 1 0
github.com/sfborg/from-dwca/pkg/config/config.go:93.25,95.3 1 0
github.com/sfborg/from-dwca/pkg/config/config.go:100.33,102.16 2 0
github.com/sfborg/from-dwca/pkg/config/config.go:102.16,104.3 1 0
github.com/sfborg/from-dwca/pkg/config/config.go:105.2,119.27 5 0
github.com/sfborg/from-dwca/pkg/config/config.go:119.27,121.3 1 0
github.com/sfborg/from-dwca/pkg/config/config.go:123.2,125.12 3 0
