mode: atomic
github.com/sfborg/from-dwca/main.go:26.13,28.2 1 0
github.com/sfborg/from-dwca/cmd/flags.go:15.36,17.7 2 0
github.com/sfborg/from-dwca/cmd/flags.go:17.7,22.3 4 0
github.com/sfborg/from-dwca/cmd/flags.go:25.38,27.16 2 0
github.com/sfborg/from-dwca/cmd/flags.go:27.16,29.3 1 0
github.com/sfborg/from-dwca/cmd/flags.go:32.38,34.14 2 0
github.com/sfborg/from-dwca/cmd/flags.go:34.14,36.3 1 0
github.com/sfborg/from-dwca/cmd/flags.go:39.39,42.2 2 0
github.com/sfborg/from-dwca/cmd/flags.go:44.38,46.7 2 0
github.com/sfborg/from-dwca/cmd/flags.go:46.7,54.3 3 0
github.com/sfborg/from-dwca/cmd/root.go:44.47,48.27 4 0
github.com/sfborg/from-dwca/cmd/root.go:48.27,50.4 1 0
github.com/sfborg/from-dwca/cmd/root.go:52.3,52.21 1 0
github.com/sfborg/from-dwca/cmd/root.go:52.21,55.4 2 0
github.com/sfborg/from-dwca/cmd/root.go:57.3,67.17 9 0
github.com/sfborg/from-dwca/cmd/root.go:67.17,70.4 2 0
github.com/sfborg/from-dwca/cmd/root.go:72.3,74.17 3 0
github.com/sfborg/from-dwca/cmd/root.go:74.17,77.4 2 0
github.com/sfborg/from-dwca/cmd/root.go:79.3,81.17 3 0
github.com/sfborg/from-dwca/cmd/root.go:81.17,84.4 2 0
github.com/sfborg/from-dwca/cmd/root.go:86.3,86.70 1 0
github.com/sfborg/from-dwca/cmd/root.go:92.16,94.16 2 0
github.com/sfborg/from-dwca/cmd/root.go:94.16,96.3 1 0
github.com/sfborg/from-dwca/cmd/root.go:99.13,112.2 4 0
github.com/sfborg/from-dwca/internal/io/repoio/repoio.go:17.39,19.2 1 1
github.com/sfborg/from-dwca/internal/io/repoio/repoio.go:21.48,24.16 3 1
github.com/sfborg/from-dwca/internal/io/repoio/repoio.go:24.16,27.3 2 0
github.com/sfborg/from-dwca/internal/io/repoio/repoio.go:29.2,30.16 2 1
github.com/sfborg/from-dwca/internal/io/repoio/repoio.go:30.16,32.3 1 0
github.com/sfborg/from-dwca/internal/io/repoio/repoio.go:34.2,36.16 3 1
github.com/sfborg/from-dwca/internal/io/repoio/repoio.go:36.16,39.3 2 0
github.com/sfborg/from-dwca/internal/io/repoio/repoio.go:41.2,41.17 1 1
github.com/sfborg/from-dwca/internal/io/repoio/repoio.go:44.36,49.16 5 1
github.com/sfborg/from-dwca/internal/io/repoio/repoio.go:49.16,52.3 2 0
github.com/sfborg/from-dwca/internal/io/repoio/repoio.go:54.2,55.16 2 1
github.com/sfborg/from-dwca/internal/io/repoio/repoio.go:55.16,58.3 2 0
github.com/sfborg/from-dwca/internal/io/repoio/repoio.go:59.2,62.16 3 1
github.com/sfborg/from-dwca/internal/io/repoio/repoio.go:62.16,65.3 2 0
github.com/sfborg/from-dwca/internal/io/repoio/repoio.go:67.2,67.25 1 1
github.com/sfborg/from-dwca/internal/io/repoio/repoio.go:67.25,69.3 1 0
github.com/sfborg/from-dwca/internal/io/repoio/repoio.go:71.2,73.16 3 1
github.com/sfborg/from-dwca/internal/io/repoio/repoio.go:73.16,76.3 2 0
github.com/sfborg/from-dwca/internal/io/repoio/repoio.go:78.2,78.12 1 1
github.com/sfborg/from-dwca/internal/io/sysio/sysio.go:15.37,17.2 1 1
github.com/sfborg/from-dwca/internal/io/sysio/sysio.go:19.30,21.16 2 1
github.com/sfborg/from-dwca/internal/io/sysio/sysio.go:21.16,23.3 1 0
github.com/sfborg/from-dwca/internal/io/sysio/sysio.go:24.2,25.12 2 1
github.com/sfborg/from-dwca/internal/io/sysio/sysio.go:28.31,30.2 1 0
github.com/sfborg/from-dwca/internal/io/sysio/sysio.go:32.33,34.2 1 1
github.com/sfborg/from-dwca/pkg/config/config.go:53.35,54.25 1 0
github.com/sfborg/from-dwca/pkg/config/config.go:54.25,56.3 1 0
github.com/sfborg/from-dwca/pkg/config/config.go:60.37,61.25 1 0
github.com/sfborg/from-dwca/pkg/config/config.go:61.25,63.3 1 0
github.com/sfborg/from-dwca/pkg/config/config.go:68.35,69.25 1 0
github.com/sfborg/from-dwca/pkg/config/config.go:69.25,71.3 1 0
github.com/sfborg/from-dwca/pkg/config/config.go:75.31,76.25 1 0
github.com/sfborg/from-dwca/pkg/config/config.go:76.25,77.23 1 0
github.com/sfborg/from-dwca/pkg/config/config.go:77.23,83.4 2 0
github.com/sfborg/from-dwca/pkg/config/config.go:84.3,84.16 1 0
github.com/sfborg/from-dwca/pkg/config/config.go:89.33,90.25 1 0
github.com/sfborg/from-dwca/pkg/config/config.go:90.25,92.3 1 0
github.com/sfborg/from-dwca/pkg/config/config.go:97.33,99.16 2 1
github.com/sfborg/from-dwca/pkg/config/config.go:99.16,101.3 1 0
github.com/sfborg/from-dwca/pkg/config/config.go:102.2,115.27 5 1
github.com/sfborg/from-dwca/pkg/config/config.go:115.27,117.3 1 0
github.com/sfborg/from-dwca/pkg/config/config.go:119.2,121.12 3 1
github.com/sfborg/from-dwca/internal/io/storio/storio.go:22.42,24.2 1 1
github.com/sfborg/from-dwca/internal/io/storio/storio.go:26.31,29.16 3 1
github.com/sfborg/from-dwca/internal/io/storio/storio.go:29.16,31.3 1 0
github.com/sfborg/from-dwca/internal/io/storio/storio.go:33.2,35.16 3 1
github.com/sfborg/from-dwca/internal/io/storio/storio.go:35.16,38.3 2 0
github.com/sfborg/from-dwca/internal/io/storio/storio.go:40.2,49.16 7 1
github.com/sfborg/from-dwca/internal/io/storio/storio.go:49.16,52.3 2 0
github.com/sfborg/from-dwca/internal/io/storio/storio.go:54.2,55.16 2 1
github.com/sfborg/from-dwca/internal/io/storio/storio.go:55.16,58.3 2 0
github.com/sfborg/from-dwca/internal/io/storio/storio.go:61.2,62.16 2 1
github.com/sfborg/from-dwca/internal/io/storio/storio.go:62.16,65.3 2 0
github.com/sfborg/from-dwca/internal/io/storio/storio.go:67.2,69.12 2 1
github.com/sfborg/from-dwca/internal/io/storio/storio.go:72.32,73.17 1 1
github.com/sfborg/from-dwca/internal/io/storio/storio.go:73.17,75.3 1 0
github.com/sfborg/from-dwca/internal/io/storio/storio.go:76.2,76.21 1 1
github.com/sfborg/from-dwca/internal/io/sysio/sysio.go:15.37,17.2 1 1
github.com/sfborg/from-dwca/internal/io/sysio/sysio.go:19.30,21.16 2 1
github.com/sfborg/from-dwca/internal/io/sysio/sysio.go:21.16,23.3 1 0
github.com/sfborg/from-dwca/internal/io/sysio/sysio.go:24.2,25.12 2 1
github.com/sfborg/from-dwca/internal/io/sysio/sysio.go:28.31,30.2 1 0
github.com/sfborg/from-dwca/internal/io/sysio/sysio.go:32.33,34.2 1 1
github.com/sfborg/from-dwca/pkg/config/config.go:53.35,54.25 1 0
github.com/sfborg/from-dwca/pkg/config/config.go:54.25,56.3 1 0
github.com/sfborg/from-dwca/pkg/config/config.go:60.37,61.25 1 0
github.com/sfborg/from-dwca/pkg/config/config.go:61.25,63.3 1 0
github.com/sfborg/from-dwca/pkg/config/config.go:68.35,69.25 1 0
github.com/sfborg/from-dwca/pkg/config/config.go:69.25,71.3 1 0
github.com/sfborg/from-dwca/pkg/config/config.go:75.31,76.25 1 0
github.com/sfborg/from-dwca/pkg/config/config.go:76.25,77.23 1 0
github.com/sfborg/from-dwca/pkg/config/config.go:77.23,83.4 2 0
github.com/sfborg/from-dwca/pkg/config/config.go:84.3,84.16 1 0
github.com/sfborg/from-dwca/pkg/config/config.go:89.33,90.25 1 0
github.com/sfborg/from-dwca/pkg/config/config.go:90.25,92.3 1 0
github.com/sfborg/from-dwca/pkg/config/config.go:97.33,99.16 2 1
github.com/sfborg/from-dwca/pkg/config/config.go:99.16,101.3 1 0
github.com/sfborg/from-dwca/pkg/config/config.go:102.2,115.27 5 1
github.com/sfborg/from-dwca/pkg/config/config.go:115.27,117.3 1 0
github.com/sfborg/from-dwca/pkg/config/config.go:119.2,121.12 3 1
github.com/sfborg/from-dwca/internal/io/sysio/sysio.go:15.37,17.2 1 0
github.com/sfborg/from-dwca/internal/io/sysio/sysio.go:19.30,21.16 2 0
github.com/sfborg/from-dwca/internal/io/sysio/sysio.go:21.16,23.3 1 0
github.com/sfborg/from-dwca/internal/io/sysio/sysio.go:24.2,25.12 2 0
github.com/sfborg/from-dwca/internal/io/sysio/sysio.go:28.31,30.2 1 0
github.com/sfborg/from-dwca/internal/io/sysio/sysio.go:32.33,34.2 1 0
github.com/sfborg/from-dwca/pkg/fdwca.go:16.57,18.2 1 1
github.com/sfborg/from-dwca/pkg/fdwca.go:20.64,23.16 3 1
github.com/sfborg/from-dwca/pkg/fdwca.go:23.16,25.3 1 0
github.com/sfborg/from-dwca/pkg/fdwca.go:26.2,30.16 4 1
github.com/sfborg/from-dwca/pkg/fdwca.go:30.16,32.3 1 0
github.com/sfborg/from-dwca/pkg/fdwca.go:34.2,34.17 1 1
github.com/sfborg/from-dwca/pkg/fdwca.go:37.52,39.2 1 0
github.com/sfborg/from-dwca/pkg/fdwca.go:41.34,43.2 1 0
github.com/sfborg/from-dwca/pkg/version.go:13.34,18.2 1 0
github.com/sfborg/from-dwca/pkg/config/config.go:53.35,54.25 1 0
github.com/sfborg/from-dwca/pkg/config/config.go:54.25,56.3 1 0
github.com/sfborg/from-dwca/pkg/config/config.go:60.37,61.25 1 0
github.com/sfborg/from-dwca/pkg/config/config.go:61.25,63.3 1 0
github.com/sfborg/from-dwca/pkg/config/config.go:68.35,69.25 1 0
github.com/sfborg/from-dwca/pkg/config/config.go:69.25,71.3 1 0
github.com/sfborg/from-dwca/pkg/config/config.go:75.31,76.25 1 0
github.com/sfborg/from-dwca/pkg/config/config.go:76.25,77.23 1 0
github.com/sfborg/from-dwca/pkg/config/config.go:77.23,83.4 2 0
github.com/sfborg/from-dwca/pkg/config/config.go:84.3,84.16 1 0
github.com/sfborg/from-dwca/pkg/config/config.go:89.33,90.25 1 0
github.com/sfborg/from-dwca/pkg/config/config.go:90.25,92.3 1 0
github.com/sfborg/from-dwca/pkg/config/config.go:97.33,99.16 2 1
github.com/sfborg/from-dwca/pkg/config/config.go:99.16,101.3 1 0
github.com/sfborg/from-dwca/pkg/config/config.go:102.2,115.27 5 1
github.com/sfborg/from-dwca/pkg/config/config.go:115.27,117.3 1 0
github.com/sfborg/from-dwca/pkg/config/config.go:119.2,121.12 3 1
github.com/sfborg/from-dwca/pkg/config/config.go:53.35,54.25 1 0
github.com/sfborg/from-dwca/pkg/config/config.go:54.25,56.3 1 0
github.com/sfborg/from-dwca/pkg/config/config.go:60.37,61.25 1 0
github.com/sfborg/from-dwca/pkg/config/config.go:61.25,63.3 1 0
github.com/sfborg/from-dwca/pkg/config/config.go:68.35,69.25 1 0
github.com/sfborg/from-dwca/pkg/config/config.go:69.25,71.3 1 0
github.com/sfborg/from-dwca/pkg/config/config.go:75.31,76.25 1 0
github.com/sfborg/from-dwca/pkg/config/config.go:76.25,77.23 1 0
github.com/sfborg/from-dwca/pkg/config/config.go:77.23,83.4 2 0
github.com/sfborg/from-dwca/pkg/config/config.go:84.3,84.16 1 0
github.com/sfborg/from-dwca/pkg/config/config.go:89.33,90.25 1 0
github.com/sfborg/from-dwca/pkg/config/config.go:90.25,92.3 1 0
github.com/sfborg/from-dwca/pkg/config/config.go:97.33,99.16 2 0
github.com/sfborg/from-dwca/pkg/config/config.go:99.16,101.3 1 0
github.com/sfborg/from-dwca/pkg/config/config.go:102.2,115.27 5 0
github.com/sfborg/from-dwca/pkg/config/config.go:115.27,117.3 1 0
github.com/sfborg/from-dwca/pkg/config/config.go:119.2,121.12 3 0
